<?xml version="1.0" encoding="UTF-8"?>
<testsuite xmlns:xsi="http://www.w3.org/2001/XMLSchema-instance" xsi:noNamespaceSchemaLocation="https://maven.apache.org/surefire/maven-surefire-plugin/xsd/surefire-test-report.xsd" name="runner.TestRunner" time="5.514" tests="31" errors="0" skipped="0" failures="0">
  <properties>
    <property name="sun.desktop" value="windows"/>
    <property name="awt.toolkit" value="sun.awt.windows.WToolkit"/>
    <property name="file.encoding.pkg" value="sun.io"/>
    <property name="java.specification.version" value="1.8"/>
    <property name="sun.cpu.isalist" value="amd64"/>
    <property name="sun.jnu.encoding" value="Cp1252"/>
    <property name="java.class.path" value="C:\Users\Suchita.Thorat\git\CollinsonAssignment\APITestSuite\target\test-classes;C:\Users\Suchita.Thorat\git\CollinsonAssignment\APITestSuite\target\classes;C:\Users\Suchita.Thorat\.m2\repository\junit\junit\4.11\junit-4.11.jar;C:\Users\Suchita.Thorat\.m2\repository\org\hamcrest\hamcrest-core\1.3\hamcrest-core-1.3.jar;C:\Users\Suchita.Thorat\.m2\repository\io\rest-assured\rest-assured\4.3.0\rest-assured-4.3.0.jar;C:\Users\Suchita.Thorat\.m2\repository\org\codehaus\groovy\groovy\3.0.2\groovy-3.0.2.jar;C:\Users\Suchita.Thorat\.m2\repository\org\codehaus\groovy\groovy-xml\3.0.2\groovy-xml-3.0.2.jar;C:\Users\Suchita.Thorat\.m2\repository\org\apache\httpcomponents\httpclient\4.5.3\httpclient-4.5.3.jar;C:\Users\Suchita.Thorat\.m2\repository\org\apache\httpcomponents\httpcore\4.4.6\httpcore-4.4.6.jar;C:\Users\Suchita.Thorat\.m2\repository\commons-logging\commons-logging\1.2\commons-logging-1.2.jar;C:\Users\Suchita.Thorat\.m2\repository\commons-codec\commons-codec\1.9\commons-codec-1.9.jar;C:\Users\Suchita.Thorat\.m2\repository\org\apache\httpcomponents\httpmime\4.5.3\httpmime-4.5.3.jar;C:\Users\Suchita.Thorat\.m2\repository\org\hamcrest\hamcrest\2.1\hamcrest-2.1.jar;C:\Users\Suchita.Thorat\.m2\repository\org\ccil\cowan\tagsoup\tagsoup\1.2.1\tagsoup-1.2.1.jar;C:\Users\Suchita.Thorat\.m2\repository\io\rest-assured\xml-path\4.3.0\xml-path-4.3.0.jar;C:\Users\Suchita.Thorat\.m2\repository\org\apache\commons\commons-lang3\3.4\commons-lang3-3.4.jar;C:\Users\Suchita.Thorat\.m2\repository\jakarta\xml\bind\jakarta.xml.bind-api\2.3.2\jakarta.xml.bind-api-2.3.2.jar;C:\Users\Suchita.Thorat\.m2\repository\jakarta\activation\jakarta.activation-api\1.2.1\jakarta.activation-api-1.2.1.jar;C:\Users\Suchita.Thorat\.m2\repository\com\sun\xml\bind\jaxb-osgi\2.3.0.1\jaxb-osgi-2.3.0.1.jar;C:\Users\Suchita.Thorat\.m2\repository\org\apache\sling\org.apache.sling.javax.activation\0.1.0\org.apache.sling.javax.activation-0.1.0.jar;C:\Users\Suchita.Thorat\.m2\repository\javax\activation\activation\1.1.1\activation-1.1.1.jar;C:\Users\Suchita.Thorat\.m2\repository\io\rest-assured\json-path\4.3.1\json-path-4.3.1.jar;C:\Users\Suchita.Thorat\.m2\repository\org\codehaus\groovy\groovy-json\3.0.3\groovy-json-3.0.3.jar;C:\Users\Suchita.Thorat\.m2\repository\io\rest-assured\rest-assured-common\4.3.1\rest-assured-common-4.3.1.jar;C:\Users\Suchita.Thorat\.m2\repository\info\cukes\cucumber-java\1.2.5\cucumber-java-1.2.5.jar;C:\Users\Suchita.Thorat\.m2\repository\info\cukes\cucumber-core\1.2.5\cucumber-core-1.2.5.jar;C:\Users\Suchita.Thorat\.m2\repository\info\cukes\cucumber-html\0.2.3\cucumber-html-0.2.3.jar;C:\Users\Suchita.Thorat\.m2\repository\info\cukes\gherkin\2.12.2\gherkin-2.12.2.jar;C:\Users\Suchita.Thorat\.m2\repository\info\cukes\cucumber-junit\1.2.5\cucumber-junit-1.2.5.jar;C:\Users\Suchita.Thorat\.m2\repository\info\cukes\cucumber-jvm-deps\1.0.5\cucumber-jvm-deps-1.0.5.jar;C:\Users\Suchita.Thorat\.m2\repository\com\aventstack\extentreports\3.0.0\extentreports-3.0.0.jar;C:\Users\Suchita.Thorat\.m2\repository\org\freemarker\freemarker\2.3.23\freemarker-2.3.23.jar;C:\Users\Suchita.Thorat\.m2\repository\org\mongodb\mongodb-driver\3.3.0\mongodb-driver-3.3.0.jar;C:\Users\Suchita.Thorat\.m2\repository\org\mongodb\bson\3.3.0\bson-3.3.0.jar;C:\Users\Suchita.Thorat\.m2\repository\org\mongodb\mongodb-driver-core\3.3.0\mongodb-driver-core-3.3.0.jar;C:\Users\Suchita.Thorat\.m2\repository\com\vimalselvam\cucumber-extentsreport\3.0.2\cucumber-extentsreport-3.0.2.jar;C:\Users\Suchita.Thorat\.m2\repository\com\jayway\jsonpath\json-path\2.4.0\json-path-2.4.0.jar;C:\Users\Suchita.Thorat\.m2\repository\net\minidev\json-smart\2.3\json-smart-2.3.jar;C:\Users\Suchita.Thorat\.m2\repository\net\minidev\accessors-smart\1.2\accessors-smart-1.2.jar;C:\Users\Suchita.Thorat\.m2\repository\org\ow2\asm\asm\5.0.4\asm-5.0.4.jar;C:\Users\Suchita.Thorat\.m2\repository\org\slf4j\slf4j-api\1.7.25\slf4j-api-1.7.25.jar;C:\Users\Suchita.Thorat\.m2\repository\org\json\json\20201115\json-20201115.jar;"/>
    <property name="java.vm.vendor" value="Oracle Corporation"/>
    <property name="sun.arch.data.model" value="64"/>
    <property name="user.variant" value=""/>
    <property name="java.vendor.url" value="http://java.oracle.com/"/>
    <property name="user.timezone" value="Europe/London"/>
    <property name="java.vm.specification.version" value="1.8"/>
    <property name="os.name" value="Windows 7"/>
    <property name="user.country" value="GB"/>
    <property name="sun.java.launcher" value="SUN_STANDARD"/>
    <property name="sun.boot.library.path" value="C:\Program Files\Java\jdk1.8.0_271\jre\bin"/>
    <property name="sun.java.command" value="C:\Users\SUCHIT~1.THO\AppData\Local\Temp\surefire6846380898687755737\surefirebooter864253412153053519.jar C:\Users\Suchita.Thorat\AppData\Local\Temp\surefire6846380898687755737 2020-12-12T16-50-49_308-jvmRun1 surefire9037341351994862875tmp surefire_02291314391180867342tmp"/>
    <property name="surefire.test.class.path" value="C:\Users\Suchita.Thorat\git\CollinsonAssignment\APITestSuite\target\test-classes;C:\Users\Suchita.Thorat\git\CollinsonAssignment\APITestSuite\target\classes;C:\Users\Suchita.Thorat\.m2\repository\junit\junit\4.11\junit-4.11.jar;C:\Users\Suchita.Thorat\.m2\repository\org\hamcrest\hamcrest-core\1.3\hamcrest-core-1.3.jar;C:\Users\Suchita.Thorat\.m2\repository\io\rest-assured\rest-assured\4.3.0\rest-assured-4.3.0.jar;C:\Users\Suchita.Thorat\.m2\repository\org\codehaus\groovy\groovy\3.0.2\groovy-3.0.2.jar;C:\Users\Suchita.Thorat\.m2\repository\org\codehaus\groovy\groovy-xml\3.0.2\groovy-xml-3.0.2.jar;C:\Users\Suchita.Thorat\.m2\repository\org\apache\httpcomponents\httpclient\4.5.3\httpclient-4.5.3.jar;C:\Users\Suchita.Thorat\.m2\repository\org\apache\httpcomponents\httpcore\4.4.6\httpcore-4.4.6.jar;C:\Users\Suchita.Thorat\.m2\repository\commons-logging\commons-logging\1.2\commons-logging-1.2.jar;C:\Users\Suchita.Thorat\.m2\repository\commons-codec\commons-codec\1.9\commons-codec-1.9.jar;C:\Users\Suchita.Thorat\.m2\repository\org\apache\httpcomponents\httpmime\4.5.3\httpmime-4.5.3.jar;C:\Users\Suchita.Thorat\.m2\repository\org\hamcrest\hamcrest\2.1\hamcrest-2.1.jar;C:\Users\Suchita.Thorat\.m2\repository\org\ccil\cowan\tagsoup\tagsoup\1.2.1\tagsoup-1.2.1.jar;C:\Users\Suchita.Thorat\.m2\repository\io\rest-assured\xml-path\4.3.0\xml-path-4.3.0.jar;C:\Users\Suchita.Thorat\.m2\repository\org\apache\commons\commons-lang3\3.4\commons-lang3-3.4.jar;C:\Users\Suchita.Thorat\.m2\repository\jakarta\xml\bind\jakarta.xml.bind-api\2.3.2\jakarta.xml.bind-api-2.3.2.jar;C:\Users\Suchita.Thorat\.m2\repository\jakarta\activation\jakarta.activation-api\1.2.1\jakarta.activation-api-1.2.1.jar;C:\Users\Suchita.Thorat\.m2\repository\com\sun\xml\bind\jaxb-osgi\2.3.0.1\jaxb-osgi-2.3.0.1.jar;C:\Users\Suchita.Thorat\.m2\repository\org\apache\sling\org.apache.sling.javax.activation\0.1.0\org.apache.sling.javax.activation-0.1.0.jar;C:\Users\Suchita.Thorat\.m2\repository\javax\activation\activation\1.1.1\activation-1.1.1.jar;C:\Users\Suchita.Thorat\.m2\repository\io\rest-assured\json-path\4.3.1\json-path-4.3.1.jar;C:\Users\Suchita.Thorat\.m2\repository\org\codehaus\groovy\groovy-json\3.0.3\groovy-json-3.0.3.jar;C:\Users\Suchita.Thorat\.m2\repository\io\rest-assured\rest-assured-common\4.3.1\rest-assured-common-4.3.1.jar;C:\Users\Suchita.Thorat\.m2\repository\info\cukes\cucumber-java\1.2.5\cucumber-java-1.2.5.jar;C:\Users\Suchita.Thorat\.m2\repository\info\cukes\cucumber-core\1.2.5\cucumber-core-1.2.5.jar;C:\Users\Suchita.Thorat\.m2\repository\info\cukes\cucumber-html\0.2.3\cucumber-html-0.2.3.jar;C:\Users\Suchita.Thorat\.m2\repository\info\cukes\gherkin\2.12.2\gherkin-2.12.2.jar;C:\Users\Suchita.Thorat\.m2\repository\info\cukes\cucumber-junit\1.2.5\cucumber-junit-1.2.5.jar;C:\Users\Suchita.Thorat\.m2\repository\info\cukes\cucumber-jvm-deps\1.0.5\cucumber-jvm-deps-1.0.5.jar;C:\Users\Suchita.Thorat\.m2\repository\com\aventstack\extentreports\3.0.0\extentreports-3.0.0.jar;C:\Users\Suchita.Thorat\.m2\repository\org\freemarker\freemarker\2.3.23\freemarker-2.3.23.jar;C:\Users\Suchita.Thorat\.m2\repository\org\mongodb\mongodb-driver\3.3.0\mongodb-driver-3.3.0.jar;C:\Users\Suchita.Thorat\.m2\repository\org\mongodb\bson\3.3.0\bson-3.3.0.jar;C:\Users\Suchita.Thorat\.m2\repository\org\mongodb\mongodb-driver-core\3.3.0\mongodb-driver-core-3.3.0.jar;C:\Users\Suchita.Thorat\.m2\repository\com\vimalselvam\cucumber-extentsreport\3.0.2\cucumber-extentsreport-3.0.2.jar;C:\Users\Suchita.Thorat\.m2\repository\com\jayway\jsonpath\json-path\2.4.0\json-path-2.4.0.jar;C:\Users\Suchita.Thorat\.m2\repository\net\minidev\json-smart\2.3\json-smart-2.3.jar;C:\Users\Suchita.Thorat\.m2\repository\net\minidev\accessors-smart\1.2\accessors-smart-1.2.jar;C:\Users\Suchita.Thorat\.m2\repository\org\ow2\asm\asm\5.0.4\asm-5.0.4.jar;C:\Users\Suchita.Thorat\.m2\repository\org\slf4j\slf4j-api\1.7.25\slf4j-api-1.7.25.jar;C:\Users\Suchita.Thorat\.m2\repository\org\json\json\20201115\json-20201115.jar;"/>
    <property name="sun.cpu.endian" value="little"/>
    <property name="user.home" value="C:\Users\Suchita.Thorat"/>
    <property name="user.language" value="en"/>
    <property name="java.specification.vendor" value="Oracle Corporation"/>
    <property name="java.home" value="C:\Program Files\Java\jdk1.8.0_271\jre"/>
    <property name="basedir" value="C:\Users\Suchita.Thorat\git\CollinsonAssignment\APITestSuite"/>
    <property name="file.separator" value="\"/>
    <property name="line.separator" value="&#10;"/>
    <property name="java.vm.specification.vendor" value="Oracle Corporation"/>
    <property name="java.specification.name" value="Java Platform API Specification"/>
    <property name="java.awt.graphicsenv" value="sun.awt.Win32GraphicsEnvironment"/>
    <property name="surefire.real.class.path" value="C:\Users\SUCHIT~1.THO\AppData\Local\Temp\surefire6846380898687755737\surefirebooter864253412153053519.jar"/>
    <property name="sun.boot.class.path" value="C:\Program Files\Java\jdk1.8.0_271\jre\lib\resources.jar;C:\Program Files\Java\jdk1.8.0_271\jre\lib\rt.jar;C:\Program Files\Java\jdk1.8.0_271\jre\lib\sunrsasign.jar;C:\Program Files\Java\jdk1.8.0_271\jre\lib\jsse.jar;C:\Program Files\Java\jdk1.8.0_271\jre\lib\jce.jar;C:\Program Files\Java\jdk1.8.0_271\jre\lib\charsets.jar;C:\Program Files\Java\jdk1.8.0_271\jre\lib\jfr.jar;C:\Program Files\Java\jdk1.8.0_271\jre\classes"/>
    <property name="user.script" value=""/>
    <property name="sun.management.compiler" value="HotSpot 64-Bit Tiered Compilers"/>
    <property name="java.runtime.version" value="1.8.0_271-b09"/>
    <property name="user.name" value="Suchita.Thorat"/>
    <property name="path.separator" value=";"/>
    <property name="os.version" value="6.1"/>
    <property name="java.endorsed.dirs" value="C:\Program Files\Java\jdk1.8.0_271\jre\lib\endorsed"/>
    <property name="java.runtime.name" value="Java(TM) SE Runtime Environment"/>
    <property name="file.encoding" value="Cp1252"/>
    <property name="java.vm.name" value="Java HotSpot(TM) 64-Bit Server VM"/>
    <property name="localRepository" value="C:\Users\Suchita.Thorat\.m2\repository"/>
    <property name="java.vendor.url.bug" value="http://bugreport.sun.com/bugreport/"/>
    <property name="java.io.tmpdir" value="C:\Users\SUCHIT~1.THO\AppData\Local\Temp\"/>
    <property name="java.version" value="1.8.0_271"/>
    <property name="user.dir" value="C:\Users\Suchita.Thorat\git\CollinsonAssignment\APITestSuite"/>
    <property name="os.arch" value="amd64"/>
    <property name="java.vm.specification.name" value="Java Virtual Machine Specification"/>
    <property name="java.awt.printerjob" value="sun.awt.windows.WPrinterJob"/>
    <property name="sun.os.patch.level" value="Service Pack 1"/>
    <property name="java.library.path" value="C:\Program Files\Java\jdk1.8.0_271\jre\bin;C:\Windows\Sun\Java\bin;C:\Windows\system32;C:\Windows;C:\Program Files (x86)\Common Files\Oracle\Java\javapath;C:\Program Files\Intel\iCLS Client\;C:\Windows\system32;C:\Windows;C:\Windows\System32\Wbem;C:\Windows\System32\WindowsPowerShell\v1.0\;C:\apache-maven-3.6.1\bin;C:\Program Files\Intel\WiFi\bin\;C:\Program Files\Common Files\Intel\WirelessCommon\;C:\Program Files (x86)\Intel\UCRT\;C:\Program Files\Intel\UCRT\;C:\Program Files (x86)\Intel\Intel(R) Management Engine Components\DAL;C:\Program Files\Intel\Intel(R) Management Engine Components\DAL;C:\Program Files\Java\jdk1.8.0_271\bin;C:\Program Files\PuTTY\;C:\Program Files\Git\cmd;C:\Program Files\Intel\WiFi\bin\;C:\Program Files\Common Files\Intel\WirelessCommon\;."/>
    <property name="java.vm.info" value="mixed mode"/>
    <property name="java.vendor" value="Oracle Corporation"/>
    <property name="java.vm.version" value="25.271-b09"/>
    <property name="java.ext.dirs" value="C:\Program Files\Java\jdk1.8.0_271\jre\lib\ext;C:\Windows\Sun\Java\lib\ext"/>
    <property name="sun.io.unicode.encoding" value="UnicodeLittle"/>
    <property name="java.class.version" value="52.0"/>
  </properties>
  <testcase name="Given I Set GET Bike api endpoint" classname="Scenario: Get Bike information" time="0"/>
  <testcase name="When I Set request HEADER" classname="Scenario: Get Bike information" time="0"/>
  <testcase name="And Send a GET HTTP request" classname="Scenario: Get Bike information" time="0"/>
  <testcase name="Then I receive valid Response Code 200" classname="Scenario: Get Bike information" time="0"/>
  <testcase name="And Response BODY is non-empty" classname="Scenario: Get Bike information" time="0"/>
  <testcase name="Scenario: Get Bike information" classname="Scenario: Get Bike information" time="0.001"/>
  <testcase name="Given I Set GET Bike api endpoint" classname="| Frankfurt | DE | 50.1072 | 8.66375 |" time="0"/>
  <testcase name="When I Set request HEADER" classname="| Frankfurt | DE | 50.1072 | 8.66375 |" time="0"/>
  <testcase name="And Send a GET HTTP request" classname="| Frankfurt | DE | 50.1072 | 8.66375 |" time="0"/>
  <testcase name="And search response body for city Frankfurt" classname="| Frankfurt | DE | 50.1072 | 8.66375 |" time="0"/>
  <testcase name="Then It should be in Country DE" classname="| Frankfurt | DE | 50.1072 | 8.66375 |" time="0.004"/>
  <testcase name="And I get their corresponding 50.1072 and 8.66375 in response" classname="| Frankfurt | DE | 50.1072 | 8.66375 |" time="0"/>
  <testcase name="| Frankfurt | DE | 50.1072 | 8.66375 |" classname="| Frankfurt | DE | 50.1072 | 8.66375 |" time="0"/>
  <testcase name="Given I Set GET Bike api endpoint" classname="| Moscow | RU | 55.75 | 37.616667 |" time="0.001"/>
  <testcase name="When I Set request HEADER" classname="| Moscow | RU | 55.75 | 37.616667 |" time="0"/>
  <testcase name="And Send a GET HTTP request" classname="| Moscow | RU | 55.75 | 37.616667 |" time="0"/>
  <testcase name="And search response body for city Moscow" classname="| Moscow | RU | 55.75 | 37.616667 |" time="0"/>
  <testcase name="Then It should be in Country RU" classname="| Moscow | RU | 55.75 | 37.616667 |" time="0"/>
  <testcase name="And I get their corresponding 55.75 and 37.616667 in response" classname="| Moscow | RU | 55.75 | 37.616667 |" time="0"/>
  <testcase name="| Moscow | RU | 55.75 | 37.616667 |" classname="| Moscow | RU | 55.75 | 37.616667 |" time="0"/>
  <testcase name="Given I Set GET Bike api endpoint" classname="Scenario: Try to get Country of non listed city" time="0"/>
  <testcase name="When I Set request HEADER" classname="Scenario: Try to get Country of non listed city" time="0"/>
  <testcase name="And Send a GET HTTP request" classname="Scenario: Try to get Country of non listed city" time="0"/>
  <testcase name="And search response body for non listed city &quot;Mumbai&quot;" classname="Scenario: Try to get Country of non listed city" time="0"/>
  <testcase name="Then no Country returned" classname="Scenario: Try to get Country of non listed city" time="0"/>
  <testcase name="Scenario: Try to get Country of non listed city" classname="Scenario: Try to get Country of non listed city" time="0"/>
  <testcase name="Given I Set GET Bike api endpoint" classname="Scenario: Field Filtering in GET request" time="0"/>
  <testcase name="When I Set request HEADER" classname="Scenario: Field Filtering in GET request" time="0"/>
  <testcase name="And Send a GET HTTP request with query paramters for filtering" classname="Scenario: Field Filtering in GET request" time="0"/>
  <testcase name="Then I receive only requested fields in response" classname="Scenario: Field Filtering in GET request" time="0"/>
  <testcase name="Scenario: Field Filtering in GET request" classname="Scenario: Field Filtering in GET request" time="0"/>
</testsuite>